C:\USERS\BRYANT\DESKTOP\LED\PROJECTS\SPI_DYNAMIC_ORG_MOD\DEBUG\SPI_DYNAMIC.EXE
C:\USERS\BRYANT\DESKTOP\LED\PROJECTS\SPI_DYNAMIC_ORG_MOD\DEBUG\SPI_DYNAMIC.ILK
C:\USERS\BRYANT\DESKTOP\LED\PROJECTS\SPI_DYNAMIC_ORG_MOD\DEBUG\SPI_DYNAMIC.PDB
C:\USERS\BRYANT\DESKTOP\LED\PROJECTS\SPI_DYNAMIC_ORG_MOD\SPI_DYNAMIC\DEBUG\SPI_DYNAMIC.EXE.EMBED.MANIFEST
C:\USERS\BRYANT\DESKTOP\LED\PROJECTS\SPI_DYNAMIC_ORG_MOD\SPI_DYNAMIC\DEBUG\SPI_DYNAMIC.EXE.EMBED.MANIFEST.RES
C:\USERS\BRYANT\DESKTOP\LED\PROJECTS\SPI_DYNAMIC_ORG_MOD\SPI_DYNAMIC\DEBUG\SPI_DYNAMIC.EXE.INTERMEDIATE.MANIFEST
C:\USERS\BRYANT\DESKTOP\LED\PROJECTS\SPI_DYNAMIC_ORG_MOD\SPI_DYNAMIC\DEBUG\SPI_DYNAMIC.OBJ
C:\USERS\BRYANT\DESKTOP\LED\PROJECTS\SPI_DYNAMIC_ORG_MOD\SPI_DYNAMIC\DEBUG\STDAFX.OBJ
C:\USERS\BRYANT\DESKTOP\LED\PROJECTS\SPI_DYNAMIC_ORG_MOD\SPI_DYNAMIC\DEBUG\VC100.PDB
C:\USERS\BRYANT\DESKTOP\LED\PROJECTS\SPI_DYNAMIC_REV2\DEBUG\SPI_DYNAMIC.EXE
C:\USERS\BRYANT\DESKTOP\LED\PROJECTS\SPI_DYNAMIC_REV2\DEBUG\SPI_DYNAMIC.ILK
C:\USERS\BRYANT\DESKTOP\LED\PROJECTS\SPI_DYNAMIC_REV2\DEBUG\SPI_DYNAMIC.PDB
C:\USERS\BRYANT\DESKTOP\LED\PROJECTS\SPI_DYNAMIC_REV2\SPI_DYNAMIC\DEBUG\SPI_DYNAMIC.EXE.EMBED.MANIFEST.RES
C:\USERS\BRYANT\DESKTOP\LED\PROJECTS\SPI_DYNAMIC_REV2\SPI_DYNAMIC\DEBUG\SPI_DYNAMIC.EXE.INTERMEDIATE.MANIFEST
C:\USERS\BRYANT\DESKTOP\LED\PROJECTS\SPI_DYNAMIC_REV2\SPI_DYNAMIC\DEBUG\SPI_DYNAMIC.OBJ
C:\USERS\BRYANT\DESKTOP\LED\PROJECTS\SPI_DYNAMIC_REV2\SPI_DYNAMIC\DEBUG\STDAFX.OBJ
C:\USERS\BRYANT\DESKTOP\LED\PROJECTS\SPI_DYNAMIC_REV2\SPI_DYNAMIC\DEBUG\VC100.PDB
C:\USERS\BRYANT\DESKTOP\LED\PROJECTS\SPI_DYNAMIC_REV3_BASICWORKINGWITHMATLAB\DEBUG\SPI_DYNAMIC.EXE
C:\USERS\BRYANT\DESKTOP\LED\PROJECTS\SPI_DYNAMIC_REV3_BASICWORKINGWITHMATLAB\DEBUG\SPI_DYNAMIC.ILK
C:\USERS\BRYANT\DESKTOP\LED\PROJECTS\SPI_DYNAMIC_REV3_BASICWORKINGWITHMATLAB\DEBUG\SPI_DYNAMIC.PDB
C:\USERS\BRYANT\DESKTOP\LED\PROJECTS\SPI_DYNAMIC_REV3_BASICWORKINGWITHMATLAB\SPI_DYNAMIC\DEBUG\SPI_DYNAMIC.EXE.EMBED.MANIFEST.RES
C:\USERS\BRYANT\DESKTOP\LED\PROJECTS\SPI_DYNAMIC_REV3_BASICWORKINGWITHMATLAB\SPI_DYNAMIC\DEBUG\SPI_DYNAMIC.EXE.INTERMEDIATE.MANIFEST
C:\USERS\BRYANT\DESKTOP\LED\PROJECTS\SPI_DYNAMIC_REV3_BASICWORKINGWITHMATLAB\SPI_DYNAMIC\DEBUG\SPI_DYNAMIC.OBJ
C:\USERS\BRYANT\DESKTOP\LED\PROJECTS\SPI_DYNAMIC_REV3_BASICWORKINGWITHMATLAB\SPI_DYNAMIC\DEBUG\STDAFX.OBJ
C:\USERS\BRYANT\DESKTOP\LED\PROJECTS\SPI_DYNAMIC_REV3_BASICWORKINGWITHMATLAB\SPI_DYNAMIC\DEBUG\VC100.PDB
C:\USERS\BRYANT\DESKTOP\LED\PROJECTS\SPI_DYNAMIC_REV3_WORKINGCOPY\DEBUG\SPI_DYNAMIC.EXE
C:\USERS\BRYANT\DESKTOP\LED\PROJECTS\SPI_DYNAMIC_REV3_WORKINGCOPY\DEBUG\SPI_DYNAMIC.ILK
C:\USERS\BRYANT\DESKTOP\LED\PROJECTS\SPI_DYNAMIC_REV3_WORKINGCOPY\DEBUG\SPI_DYNAMIC.PDB
C:\USERS\BRYANT\DESKTOP\LED\PROJECTS\SPI_DYNAMIC_REV3_WORKINGCOPY\SPI_DYNAMIC\DEBUG\SPI_DYNAMIC.EXE.EMBED.MANIFEST.RES
C:\USERS\BRYANT\DESKTOP\LED\PROJECTS\SPI_DYNAMIC_REV3_WORKINGCOPY\SPI_DYNAMIC\DEBUG\SPI_DYNAMIC.EXE.INTERMEDIATE.MANIFEST
C:\USERS\BRYANT\DESKTOP\LED\PROJECTS\SPI_DYNAMIC_REV3_WORKINGCOPY\SPI_DYNAMIC\DEBUG\SPI_DYNAMIC.OBJ
C:\USERS\BRYANT\DESKTOP\LED\PROJECTS\SPI_DYNAMIC_REV3_WORKINGCOPY\SPI_DYNAMIC\DEBUG\STDAFX.OBJ
C:\USERS\BRYANT\DESKTOP\LED\PROJECTS\SPI_DYNAMIC_REV3_WORKINGCOPY\SPI_DYNAMIC\DEBUG\VC100.PDB
C:\Users\bryant\Desktop\LED\Projects\SPI_Dynamic_Rev4_WithCorrectionValues\Debug\SPI_Dynamic.pdb
C:\Users\bryant\Desktop\LED\Projects\SPI_Dynamic_Rev4_WithCorrectionValues\SPI_Dynamic\Debug\cl.command.1.tlog
C:\Users\bryant\Desktop\LED\Projects\SPI_Dynamic_Rev4_WithCorrectionValues\SPI_Dynamic\Debug\CL.read.1.tlog
C:\Users\bryant\Desktop\LED\Projects\SPI_Dynamic_Rev4_WithCorrectionValues\SPI_Dynamic\Debug\CL.write.1.tlog
C:\Users\bryant\Desktop\LED\Projects\SPI_Dynamic_Rev4_WithCorrectionValues\SPI_Dynamic\Debug\link.11428.read.1.tlog
C:\Users\bryant\Desktop\LED\Projects\SPI_Dynamic_Rev4_WithCorrectionValues\SPI_Dynamic\Debug\link.11428.write.1.tlog
C:\Users\bryant\Desktop\LED\Projects\SPI_Dynamic_Rev4_WithCorrectionValues\SPI_Dynamic\Debug\link.11428-cvtres.read.1.tlog
C:\Users\bryant\Desktop\LED\Projects\SPI_Dynamic_Rev4_WithCorrectionValues\SPI_Dynamic\Debug\link.11428-cvtres.write.1.tlog
C:\Users\bryant\Desktop\LED\Projects\SPI_Dynamic_Rev4_WithCorrectionValues\SPI_Dynamic\Debug\link.12760.read.1.tlog
C:\Users\bryant\Desktop\LED\Projects\SPI_Dynamic_Rev4_WithCorrectionValues\SPI_Dynamic\Debug\link.12760.write.1.tlog
C:\Users\bryant\Desktop\LED\Projects\SPI_Dynamic_Rev4_WithCorrectionValues\SPI_Dynamic\Debug\link.12760-cvtres.read.1.tlog
C:\Users\bryant\Desktop\LED\Projects\SPI_Dynamic_Rev4_WithCorrectionValues\SPI_Dynamic\Debug\link.12760-cvtres.write.1.tlog
C:\Users\bryant\Desktop\LED\Projects\SPI_Dynamic_Rev4_WithCorrectionValues\SPI_Dynamic\Debug\link.1316.read.1.tlog
C:\Users\bryant\Desktop\LED\Projects\SPI_Dynamic_Rev4_WithCorrectionValues\SPI_Dynamic\Debug\link.1316.write.1.tlog
C:\Users\bryant\Desktop\LED\Projects\SPI_Dynamic_Rev4_WithCorrectionValues\SPI_Dynamic\Debug\link.1316-cvtres.read.1.tlog
C:\Users\bryant\Desktop\LED\Projects\SPI_Dynamic_Rev4_WithCorrectionValues\SPI_Dynamic\Debug\link.1316-cvtres.write.1.tlog
C:\Users\bryant\Desktop\LED\Projects\SPI_Dynamic_Rev4_WithCorrectionValues\SPI_Dynamic\Debug\link.2464.read.1.tlog
C:\Users\bryant\Desktop\LED\Projects\SPI_Dynamic_Rev4_WithCorrectionValues\SPI_Dynamic\Debug\link.2464.write.1.tlog
C:\Users\bryant\Desktop\LED\Projects\SPI_Dynamic_Rev4_WithCorrectionValues\SPI_Dynamic\Debug\link.2464-cvtres.read.1.tlog
C:\Users\bryant\Desktop\LED\Projects\SPI_Dynamic_Rev4_WithCorrectionValues\SPI_Dynamic\Debug\link.2464-cvtres.write.1.tlog
C:\Users\bryant\Desktop\LED\Projects\SPI_Dynamic_Rev4_WithCorrectionValues\SPI_Dynamic\Debug\link.9720.read.1.tlog
C:\Users\bryant\Desktop\LED\Projects\SPI_Dynamic_Rev4_WithCorrectionValues\SPI_Dynamic\Debug\link.9720.write.1.tlog
C:\Users\bryant\Desktop\LED\Projects\SPI_Dynamic_Rev4_WithCorrectionValues\SPI_Dynamic\Debug\link.9720-cvtres.read.1.tlog
C:\Users\bryant\Desktop\LED\Projects\SPI_Dynamic_Rev4_WithCorrectionValues\SPI_Dynamic\Debug\link.9720-cvtres.write.1.tlog
C:\Users\bryant\Desktop\LED\Projects\SPI_Dynamic_Rev4_WithCorrectionValues\SPI_Dynamic\Debug\link.command.1.tlog
C:\Users\bryant\Desktop\LED\Projects\SPI_Dynamic_Rev4_WithCorrectionValues\SPI_Dynamic\Debug\link.read.1.tlog
C:\Users\bryant\Desktop\LED\Projects\SPI_Dynamic_Rev4_WithCorrectionValues\SPI_Dynamic\Debug\link.write.1.tlog
C:\Users\bryant\Desktop\LED\Projects\SPI_Dynamic_Rev4_WithCorrectionValues\SPI_Dynamic\Debug\link-cvtres.read.1.tlog
C:\Users\bryant\Desktop\LED\Projects\SPI_Dynamic_Rev4_WithCorrectionValues\SPI_Dynamic\Debug\link-cvtres.write.1.tlog
C:\Users\bryant\Desktop\LED\Projects\SPI_Dynamic_Rev4_WithCorrectionValues\SPI_Dynamic\Debug\mt.command.1.tlog
C:\Users\bryant\Desktop\LED\Projects\SPI_Dynamic_Rev4_WithCorrectionValues\SPI_Dynamic\Debug\mt.read.1.tlog
C:\Users\bryant\Desktop\LED\Projects\SPI_Dynamic_Rev4_WithCorrectionValues\SPI_Dynamic\Debug\mt.write.1.tlog
C:\Users\bryant\Desktop\LED\Projects\SPI_Dynamic_Rev4_WithCorrectionValues\SPI_Dynamic\Debug\rc.command.1.tlog
C:\Users\bryant\Desktop\LED\Projects\SPI_Dynamic_Rev4_WithCorrectionValues\SPI_Dynamic\Debug\rc.read.1.tlog
C:\Users\bryant\Desktop\LED\Projects\SPI_Dynamic_Rev4_WithCorrectionValues\SPI_Dynamic\Debug\rc.write.1.tlog
C:\Users\bryant\Desktop\LED\Projects\SPI_Dynamic_Rev4_WithCorrectionValues\SPI_Dynamic\Debug\SPI_Dynamic.exe.embed.manifest
C:\USERS\BRYANT\DESKTOP\LED\PROJECTS\SPI_DYNAMIC_REV4_WITHCORRECTIONVALUES\SPI_DYNAMIC\DEBUG\SPI_DYNAMIC.EXE.EMBED.MANIFEST.RES
C:\Users\bryant\Desktop\LED\Projects\SPI_Dynamic_Rev4_WithCorrectionValues\SPI_Dynamic\Debug\SPI_Dynamic.exe.intermediate.manifest
C:\USERS\BRYANT\DESKTOP\LED\PROJECTS\SPI_DYNAMIC_REV4_WITHCORRECTIONVALUES\SPI_DYNAMIC\DEBUG\SPI_DYNAMIC.OBJ
C:\Users\bryant\Desktop\LED\Projects\SPI_Dynamic_Rev4_WithCorrectionValues\SPI_Dynamic\Debug\SPI_Dynamic_manifest.rc
C:\USERS\BRYANT\DESKTOP\LED\PROJECTS\SPI_DYNAMIC_REV4_WITHCORRECTIONVALUES\SPI_DYNAMIC\DEBUG\STDAFX.OBJ
C:\Users\bryant\Desktop\LED\Projects\SPI_Dynamic_Rev4_WithCorrectionValues\SPI_Dynamic\Debug\vc100.idb
C:\USERS\BRYANT\DESKTOP\LED\PROJECTS\SPI_DYNAMIC_REV4_WITHCORRECTIONVALUES\SPI_DYNAMIC\DEBUG\VC100.PDB
