C:\USERS\BRYANT\DESKTOP\LED\PROJECTS\SPI_DYNAMIC_ORG\DEBUG\SPI_DYNAMIC.EXE
C:\USERS\BRYANT\DESKTOP\LED\PROJECTS\SPI_DYNAMIC_ORG\DEBUG\SPI_DYNAMIC.ILK
C:\USERS\BRYANT\DESKTOP\LED\PROJECTS\SPI_DYNAMIC_ORG\DEBUG\SPI_DYNAMIC.PDB
C:\USERS\BRYANT\DESKTOP\LED\PROJECTS\SPI_DYNAMIC_ORG\SPI_DYNAMIC\DEBUG\SPI_DYNAMIC.EXE.EMBED.MANIFEST.RES
C:\USERS\BRYANT\DESKTOP\LED\PROJECTS\SPI_DYNAMIC_ORG\SPI_DYNAMIC\DEBUG\SPI_DYNAMIC.EXE.INTERMEDIATE.MANIFEST
C:\USERS\BRYANT\DESKTOP\LED\PROJECTS\SPI_DYNAMIC_ORG\SPI_DYNAMIC\DEBUG\SPI_DYNAMIC.OBJ
C:\USERS\BRYANT\DESKTOP\LED\PROJECTS\SPI_DYNAMIC_ORG\SPI_DYNAMIC\DEBUG\STDAFX.OBJ
C:\USERS\BRYANT\DESKTOP\LED\PROJECTS\SPI_DYNAMIC_ORG\SPI_DYNAMIC\DEBUG\VC100.PDB
C:\USERS\BRYANT\DESKTOP\LED\PROJECTS\SPI_DYNAMIC_ORG_MOD\DEBUG\SPI_DYNAMIC.EXE
C:\USERS\BRYANT\DESKTOP\LED\PROJECTS\SPI_DYNAMIC_ORG_MOD\DEBUG\SPI_DYNAMIC.ILK
C:\USERS\BRYANT\DESKTOP\LED\PROJECTS\SPI_DYNAMIC_ORG_MOD\DEBUG\SPI_DYNAMIC.PDB
C:\Users\bryant\Desktop\LED\Projects\SPI_Dynamic_Org_Mod\SPI_Dynamic\Debug\cl.command.1.tlog
C:\Users\bryant\Desktop\LED\Projects\SPI_Dynamic_Org_Mod\SPI_Dynamic\Debug\CL.read.1.tlog
C:\Users\bryant\Desktop\LED\Projects\SPI_Dynamic_Org_Mod\SPI_Dynamic\Debug\CL.write.1.tlog
C:\Users\bryant\Desktop\LED\Projects\SPI_Dynamic_Org_Mod\SPI_Dynamic\Debug\link.command.1.tlog
C:\Users\bryant\Desktop\LED\Projects\SPI_Dynamic_Org_Mod\SPI_Dynamic\Debug\link.read.1.tlog
C:\Users\bryant\Desktop\LED\Projects\SPI_Dynamic_Org_Mod\SPI_Dynamic\Debug\link.write.1.tlog
C:\Users\bryant\Desktop\LED\Projects\SPI_Dynamic_Org_Mod\SPI_Dynamic\Debug\link-cvtres.read.1.tlog
C:\Users\bryant\Desktop\LED\Projects\SPI_Dynamic_Org_Mod\SPI_Dynamic\Debug\link-cvtres.write.1.tlog
C:\Users\bryant\Desktop\LED\Projects\SPI_Dynamic_Org_Mod\SPI_Dynamic\Debug\mt.command.1.tlog
C:\Users\bryant\Desktop\LED\Projects\SPI_Dynamic_Org_Mod\SPI_Dynamic\Debug\mt.read.1.tlog
C:\Users\bryant\Desktop\LED\Projects\SPI_Dynamic_Org_Mod\SPI_Dynamic\Debug\mt.write.1.tlog
C:\Users\bryant\Desktop\LED\Projects\SPI_Dynamic_Org_Mod\SPI_Dynamic\Debug\rc.command.1.tlog
C:\Users\bryant\Desktop\LED\Projects\SPI_Dynamic_Org_Mod\SPI_Dynamic\Debug\rc.read.1.tlog
C:\Users\bryant\Desktop\LED\Projects\SPI_Dynamic_Org_Mod\SPI_Dynamic\Debug\rc.write.1.tlog
C:\Users\bryant\Desktop\LED\Projects\SPI_Dynamic_Org_Mod\SPI_Dynamic\Debug\SPI_Dynamic.exe.embed.manifest
C:\USERS\BRYANT\DESKTOP\LED\PROJECTS\SPI_DYNAMIC_ORG_MOD\SPI_DYNAMIC\DEBUG\SPI_DYNAMIC.EXE.EMBED.MANIFEST.RES
C:\USERS\BRYANT\DESKTOP\LED\PROJECTS\SPI_DYNAMIC_ORG_MOD\SPI_DYNAMIC\DEBUG\SPI_DYNAMIC.EXE.INTERMEDIATE.MANIFEST
C:\USERS\BRYANT\DESKTOP\LED\PROJECTS\SPI_DYNAMIC_ORG_MOD\SPI_DYNAMIC\DEBUG\SPI_DYNAMIC.OBJ
C:\Users\bryant\Desktop\LED\Projects\SPI_Dynamic_Org_Mod\SPI_Dynamic\Debug\SPI_Dynamic_manifest.rc
C:\USERS\BRYANT\DESKTOP\LED\PROJECTS\SPI_DYNAMIC_ORG_MOD\SPI_DYNAMIC\DEBUG\STDAFX.OBJ
C:\Users\bryant\Desktop\LED\Projects\SPI_Dynamic_Org_Mod\SPI_Dynamic\Debug\vc100.idb
C:\USERS\BRYANT\DESKTOP\LED\PROJECTS\SPI_DYNAMIC_ORG_MOD\SPI_DYNAMIC\DEBUG\VC100.PDB
C:\USERS\CAMERON.FORBES\DOCUMENTS\LIBMPSSE_SPI CODE\SPI_DYNAMIC\DEBUG\SPI_DYNAMIC.EXE
C:\USERS\CAMERON.FORBES\DOCUMENTS\LIBMPSSE_SPI CODE\SPI_DYNAMIC\DEBUG\SPI_DYNAMIC.ILK
C:\USERS\CAMERON.FORBES\DOCUMENTS\LIBMPSSE_SPI CODE\SPI_DYNAMIC\DEBUG\SPI_DYNAMIC.PDB
C:\USERS\CAMERON.FORBES\DOCUMENTS\LIBMPSSE_SPI CODE\SPI_DYNAMIC\SPI_DYNAMIC\DEBUG\SPI_DYNAMIC.EXE.EMBED.MANIFEST
C:\USERS\CAMERON.FORBES\DOCUMENTS\LIBMPSSE_SPI CODE\SPI_DYNAMIC\SPI_DYNAMIC\DEBUG\SPI_DYNAMIC.EXE.EMBED.MANIFEST.RES
C:\USERS\CAMERON.FORBES\DOCUMENTS\LIBMPSSE_SPI CODE\SPI_DYNAMIC\SPI_DYNAMIC\DEBUG\SPI_DYNAMIC.EXE.INTERMEDIATE.MANIFEST
C:\USERS\CAMERON.FORBES\DOCUMENTS\LIBMPSSE_SPI CODE\SPI_DYNAMIC\SPI_DYNAMIC\DEBUG\SPI_DYNAMIC.OBJ
C:\USERS\CAMERON.FORBES\DOCUMENTS\LIBMPSSE_SPI CODE\SPI_DYNAMIC\SPI_DYNAMIC\DEBUG\STDAFX.OBJ
C:\USERS\CAMERON.FORBES\DOCUMENTS\LIBMPSSE_SPI CODE\SPI_DYNAMIC\SPI_DYNAMIC\DEBUG\VC100.PDB
