Build started 21/04/2013 20:19:25.
     1>Project "C:\Users\bryant\Desktop\LED\Projects\SPI_Dynamic_Rev2\SPI_Dynamic\SPI_Dynamic.vcxproj" on node 2 (build target(s)).
     1>InitializeBuildStatus:
         Creating "Debug\SPI_Dynamic.unsuccessfulbuild" because "AlwaysCreate" was specified.
       ClCompile:
         c:\Program Files\Microsoft Visual Studio 10.0\VC\bin\CL.exe /c /ZI /nologo /W3 /WX- /Od /Oy- /D WIN32 /D _DEBUG /D _CONSOLE /D _UNICODE /D UNICODE /Gm /EHsc /RTC1 /MDd /GS /fp:precise /Zc:wchar_t /Zc:forScope /Fo"Debug\\" /Fd"Debug\vc100.pdb" /Gd /TP /analyze- /errorReport:prompt SPI_Dynamic.cpp
         SPI_Dynamic.cpp
     1>c:\users\bryant\desktop\led\projects\spi_dynamic_rev2\spi_dynamic\spi_dynamic.cpp(104): warning C4244: '=' : conversion from 'uint16' to 'uint8', possible loss of data
     1>c:\users\bryant\desktop\led\projects\spi_dynamic_rev2\spi_dynamic\spi_dynamic.cpp(98): warning C4101: 'state' : unreferenced local variable
     1>c:\users\bryant\desktop\led\projects\spi_dynamic_rev2\spi_dynamic\spi_dynamic.cpp(256): warning C4018: '<' : signed/unsigned mismatch
     1>c:\users\bryant\desktop\led\projects\spi_dynamic_rev2\spi_dynamic\spi_dynamic.cpp(209): warning C4101: 'sizeToTransfer' : unreferenced local variable
     1>c:\users\bryant\desktop\led\projects\spi_dynamic_rev2\spi_dynamic\spi_dynamic.cpp(207): warning C4101: 'data' : unreferenced local variable
     1>c:\users\bryant\desktop\led\projects\spi_dynamic_rev2\spi_dynamic\spi_dynamic.cpp(209): warning C4101: 'sizeTransfered' : unreferenced local variable
     1>c:\users\bryant\desktop\led\projects\spi_dynamic_rev2\spi_dynamic\spi_dynamic.cpp(208): warning C4101: 'j' : unreferenced local variable
       ManifestResourceCompile:
         All outputs are up-to-date.
       Link:
         c:\Program Files\Microsoft Visual Studio 10.0\VC\bin\link.exe /ERRORREPORT:PROMPT /OUT:"C:\Users\bryant\Desktop\LED\Projects\SPI_Dynamic_Rev2\Debug\SPI_Dynamic.exe" /INCREMENTAL /NOLOGO kernel32.lib user32.lib gdi32.lib winspool.lib comdlg32.lib advapi32.lib shell32.lib ole32.lib oleaut32.lib uuid.lib odbc32.lib odbccp32.lib /MANIFEST /ManifestFile:"Debug\SPI_Dynamic.exe.intermediate.manifest" /MANIFESTUAC:"level='asInvoker' uiAccess='false'" /DEBUG /PDB:"C:\Users\bryant\Desktop\LED\Projects\SPI_Dynamic_Rev2\Debug\SPI_Dynamic.pdb" /SUBSYSTEM:CONSOLE /TLBID:1 /DYNAMICBASE /NXCOMPAT /IMPLIB:"C:\Users\bryant\Desktop\LED\Projects\SPI_Dynamic_Rev2\Debug\SPI_Dynamic.lib" /MACHINE:X86 Debug\SPI_Dynamic.exe.embed.manifest.res
         Debug\SPI_Dynamic.obj
         Debug\stdafx.obj
       Manifest:
         C:\Program Files\Microsoft SDKs\Windows\v7.0A\bin\mt.exe /nologo /verbose /out:"Debug\SPI_Dynamic.exe.embed.manifest" /manifest Debug\SPI_Dynamic.exe.intermediate.manifest
         All outputs are up-to-date.
       LinkEmbedManifest:
         All outputs are up-to-date.
         SPI_Dynamic.vcxproj -> C:\Users\bryant\Desktop\LED\Projects\SPI_Dynamic_Rev2\Debug\SPI_Dynamic.exe
       FinalizeBuildStatus:
         Deleting file "Debug\SPI_Dynamic.unsuccessfulbuild".
         Touching "Debug\SPI_Dynamic.lastbuildstate".
     1>Done Building Project "C:\Users\bryant\Desktop\LED\Projects\SPI_Dynamic_Rev2\SPI_Dynamic\SPI_Dynamic.vcxproj" (build target(s)).

Build succeeded.

Time Elapsed 00:00:05.85
